Run Stats for experiment at: 04-24-2018 19:55:35
Run Stats for experiment at: 04-24-2018 19:56:17
10094.0
9994.0
9973.0
10057.0
10012.0
10105.0
10049.0
9968.0
9867.0
9631.0
10274.0
10143.0
10368.0
10072.0
9875.0
9383.0
9945.0
9495.0
9973.0
9295.0
9940.0
9432.0
9922.0
10024.0
9723.0
10044.0
10091.0
10096.0
9911.0
9750.0
10109.0
9732.0
10232.0
10250.0
9827.0
9376.0
9421.0
10034.0
10008.0
9421.0
10064.0
9439.0
9960.0
9845.0
9752.0
10228.0
9832.0
9707.0
9646.0
10145.0
9572.0
9028.0
9689.0
10038.0
9683.0
9733.0
9976.0
9934.0
9859.0
9842.0
9562.0
9993.0
9895.0
9428.0
9912.0
9698.0
9695.0
10087.0
9481.0
10012.0
9491.0
9950.0
9543.0
10143.0
10198.0
10071.0
10121.0
10233.0
10086.0
10086.0
9583.0
9499.0
9579.0
9677.0
9726.0
9374.0
9819.0
9499.0
9586.0
9841.0
9632.0
9835.0
10168.0
10080.0
10214.0
9729.0
10211.0
9372.0
10275.0
9809.0
Run Stats for experiment at: 04-24-2018 20:29:11
10162.0
9969.0
9596.0
10305.0
10210.0
10079.0
9667.0
9599.0
10050.0
9667.0
9751.0
9800.0
9840.0
9858.0
10071.0
9592.0
9591.0
9459.0
10219.0
9188.0
9963.0
9452.0
9702.0
9864.0
9423.0
9624.0
9922.0
9938.0
9854.0
9402.0
9831.0
9411.0
9893.0
10159.0
10281.0
10199.0
9920.0
9929.0
9818.0
9584.0
9912.0
9992.0
10299.0
9738.0
9595.0
10008.0
9680.0
9860.0
10118.0
9534.0
9158.0
10044.0
9927.0
10087.0
10094.0
10003.0
9944.0
9944.0
10015.0
10084.0
10055.0
9900.0
9357.0
9632.0
9579.0
9946.0
9837.0
9575.0
10199.0
10016.0
9934.0
9924.0
10144.0
10122.0
10180.0
9822.0
10126.0
10418.0
9893.0
9775.0
9918.0
9973.0
9823.0
9192.0
9645.0
10070.0
9442.0
9381.0
9732.0
9776.0
9596.0
9767.0
9741.0
9480.0
9902.0
