Run Stats for experiment at: 04-23-2018 20:58:20
Run Stats for experiment at: 04-23-2018 23:25:39
Run Stats for experiment at: 04-23-2018 23:26:47
Run Stats for experiment at: 04-23-2018 23:28:48
9801.0
9930.0
9366.0
10032.0
10170.0
10071.0
9622.0
10166.0
10071.0
10000.0
10014.0
9693.0
10279.0
10258.0
10179.0
9982.0
9970.0
9612.0
9775.0
9834.0
9650.0
10007.0
10068.0
10040.0
10317.0
9951.0
9632.0
9989.0
9838.0
9971.0
10017.0
10065.0
10058.0
9507.0
Run Stats for experiment at: 04-23-2018 23:29:36
10017.0
9666.0
9608.0
9577.0
8897.0
9863.0
9849.0
10121.0
9939.0
9959.0
